<?xml version="1.0" encoding="UTF-8"?>
<!-- Generated by org.testng.reporters.JUnitReportReporter -->
<testsuite name="scripts.ValidLoginExcel" tests="1" time="0.002" ignored="0" failures="0" timestamp="04 Feb 2018 16:35:51 GMT" skipped="1" hostname="MASTER" errors="0">
  <testcase name="testValidLogin1" time="0.002" classname="scripts.ValidLoginExcel">
    <skipped/>
  </testcase> <!-- testValidLogin1 -->
</testsuite> <!-- scripts.ValidLoginExcel -->
